#
# There is insufficient memory for the Java Runtime Environment to continue.
# Native memory allocation (malloc) failed to allocate 50736 bytes. Error detail: Chunk::new
# Possible reasons:
#   The system is out of physical RAM or swap space
#   This process is running with CompressedOops enabled, and the Java Heap may be blocking the growth of the native heap
# Possible solutions:
#   Reduce memory load on the system
#   Increase physical memory or swap space
#   Check if swap backing store is full
#   Decrease Java heap size (-Xmx/-Xms)
#   Decrease number of Java threads
#   Decrease Java thread stack sizes (-Xss)
#   Set larger code cache with -XX:ReservedCodeCacheSize=
#   JVM is running with Unscaled Compressed Oops mode in which the Java heap is
#     placed in the first 4GB address space. The Java Heap base address is the
#     maximum limit for the native heap growth. Please use -XX:HeapBaseMinAddress
#     to set the Java Heap base and to place the Java Heap above 4GB virtual address.
# This output file may be truncated or incomplete.
#
#  Out of Memory Error (arena.cpp:168), pid=15540, tid=9496
#
# JRE version: OpenJDK Runtime Environment Temurin-21.0.7+6 (21.0.7+6) (build 21.0.7+6-LTS)
# Java VM: OpenJDK 64-Bit Server VM Temurin-21.0.7+6 (21.0.7+6-LTS, mixed mode, sharing, tiered, compressed oops, compressed class ptrs, parallel gc, windows-amd64)
# No core dump will be written. Minidumps are not enabled by default on client versions of Windows
#

---------------  S U M M A R Y ------------

Command Line: --add-modules=ALL-SYSTEM --add-opens=java.base/java.util=ALL-UNNAMED --add-opens=java.base/java.lang=ALL-UNNAMED --add-opens=java.base/sun.nio.fs=ALL-UNNAMED -Declipse.application=org.eclipse.jdt.ls.core.id1 -Dosgi.bundles.defaultStartLevel=4 -Declipse.product=org.eclipse.jdt.ls.core.product -Djava.import.generatesMetadataFilesAtProjectRoot=false -DDetectVMInstallationsJob.disabled=true -Dfile.encoding=utf8 -XX:+UseParallelGC -XX:GCTimeRatio=4 -XX:AdaptiveSizePolicyWeight=90 -Dsun.zip.disableMemoryMapping=true -Xmx2G -Xms100m -Xlog:disable -javaagent:c:\Users\ben\.vscode\extensions\redhat.java-1.43.1-win32-x64\lombok\lombok-1.18.39-4050.jar c:\Users\ben\.vscode\extensions\redhat.java-1.43.1-win32-x64\server\plugins\org.eclipse.equinox.launcher_1.7.0.v20250519-0528.jar -configuration c:\Users\ben\AppData\Roaming\Code\User\globalStorage\redhat.java\1.43.1\config_ss_win -data c:\Users\ben\AppData\Roaming\Code\User\workspaceStorage\1c7ef018efc05dcff32a397a174f32e6\redhat.java\ss_ws --pipe=\\.\pipe\lsp-d9c80c5fdc39351351cfe5aefd2876fd-sock

Host: Intel(R) Pentium(R) CPU N4200 @ 1.10GHz, 4 cores, 3G,  Windows 10 , 64 bit Build 19041 (10.0.19041.5915)
Time: Wed Jul  9 09:05:45 2025 E. Africa Standard Time elapsed time: 3.752027 seconds (0d 0h 0m 3s)

---------------  T H R E A D  ---------------

Current thread (0x0000018516911d70):  JavaThread "C2 CompilerThread0" daemon [_thread_in_native, id=9496, stack(0x0000005b03b00000,0x0000005b03c00000) (1024K)]


Current CompileTask:
C2:3752  680       4       lombok.patcher.scripts.MethodLevelPatchScript::patch (21 bytes)

Stack: [0x0000005b03b00000,0x0000005b03c00000]
Native frames: (J=compiled Java code, j=interpreted, Vv=VM code, C=native code)
V  [jvm.dll+0x6ce119]
V  [jvm.dll+0x8a84a1]
V  [jvm.dll+0x8aa9ce]
V  [jvm.dll+0x8ab0b3]
V  [jvm.dll+0x27f8a6]
V  [jvm.dll+0xc507d]
V  [jvm.dll+0xc55b3]
V  [jvm.dll+0x5d72e7]
V  [jvm.dll+0x1dfac1]
V  [jvm.dll+0x247c42]
V  [jvm.dll+0x2470cf]
V  [jvm.dll+0x1c760e]
V  [jvm.dll+0x25695a]
V  [jvm.dll+0x254efa]
V  [jvm.dll+0x3f03f6]
V  [jvm.dll+0x851f6b]
V  [jvm.dll+0x6cc7dd]
C  [ucrtbase.dll+0x21bb2]
C  [KERNEL32.DLL+0x17374]
C  [ntdll.dll+0x4cc91]


---------------  P R O C E S S  ---------------

Threads class SMR info:
_java_thread_list=0x00000185589e39a0, length=11, elements={
0x000001857fde0760, 0x0000018516908690, 0x0000018516909f90, 0x000001851690bb10,
0x000001851690e930, 0x00000185169104f0, 0x0000018516910f40, 0x0000018516911d70,
0x0000018516987870, 0x00000185169de870, 0x00000185589d64a0
}

Java Threads: ( => current thread )
  0x000001857fde0760 JavaThread "main"                              [_thread_in_vm, id=11488, stack(0x0000005b03100000,0x0000005b03200000) (1024K)]
  0x0000018516908690 JavaThread "Reference Handler"          daemon [_thread_blocked, id=20100, stack(0x0000005b03500000,0x0000005b03600000) (1024K)]
  0x0000018516909f90 JavaThread "Finalizer"                  daemon [_thread_blocked, id=11080, stack(0x0000005b03600000,0x0000005b03700000) (1024K)]
  0x000001851690bb10 JavaThread "Signal Dispatcher"          daemon [_thread_blocked, id=11824, stack(0x0000005b03700000,0x0000005b03800000) (1024K)]
  0x000001851690e930 JavaThread "Attach Listener"            daemon [_thread_blocked, id=11540, stack(0x0000005b03800000,0x0000005b03900000) (1024K)]
  0x00000185169104f0 JavaThread "Service Thread"             daemon [_thread_blocked, id=20956, stack(0x0000005b03900000,0x0000005b03a00000) (1024K)]
  0x0000018516910f40 JavaThread "Monitor Deflation Thread"   daemon [_thread_blocked, id=3824, stack(0x0000005b03a00000,0x0000005b03b00000) (1024K)]
=>0x0000018516911d70 JavaThread "C2 CompilerThread0"         daemon [_thread_in_native, id=9496, stack(0x0000005b03b00000,0x0000005b03c00000) (1024K)]
  0x0000018516987870 JavaThread "C1 CompilerThread0"         daemon [_thread_blocked, id=1140, stack(0x0000005b03c00000,0x0000005b03d00000) (1024K)]
  0x00000185169de870 JavaThread "Common-Cleaner"             daemon [_thread_blocked, id=2592, stack(0x0000005b03d00000,0x0000005b03e00000) (1024K)]
  0x00000185589d64a0 JavaThread "Notification Thread"        daemon [_thread_blocked, id=15596, stack(0x0000005b03e00000,0x0000005b03f00000) (1024K)]
Total: 11

Other Threads:
  0x00000185168ec930 VMThread "VM Thread"                           [id=7252, stack(0x0000005b03400000,0x0000005b03500000) (1024K)]
  0x0000018516861ae0 WatcherThread "VM Periodic Task Thread"        [id=6668, stack(0x0000005b03300000,0x0000005b03400000) (1024K)]
  0x000001857fdfd500 WorkerThread "GC Thread#0"                     [id=11384, stack(0x0000005b03200000,0x0000005b03300000) (1024K)]
Total: 3

Threads with active compile tasks:
C2 CompilerThread0  3807  680       4       lombok.patcher.scripts.MethodLevelPatchScript::patch (21 bytes)
Total: 1

VM state: not at safepoint (normal execution)

VM Mutex/Monitor currently owned by a thread: None

Heap address: 0x0000000080000000, size: 2048 MB, Compressed Oops mode: 32-bit

CDS archive(s) mapped at: [0x0000018517000000-0x0000018517ba0000-0x0000018517ba0000), size 12189696, SharedBaseAddress: 0x0000018517000000, ArchiveRelocationMode: 1.
Compressed class space mapped at: 0x0000018518000000-0x0000018558000000, reserved size: 1073741824
Narrow klass base: 0x0000018517000000, Narrow klass shift: 0, Narrow klass range: 0x100000000

GC Precious Log:
 CardTable entry size: 512
 CPUs: 4 total, 4 available
 Memory: 3920M
 Large Page Support: Disabled
 NUMA Support: Disabled
 Compressed Oops: Enabled (32-bit)
 Alignments: Space 512K, Generation 512K, Heap 2M
 Heap Min Capacity: 100M
 Heap Initial Capacity: 100M
 Heap Max Capacity: 2G
 Pre-touch: Disabled
 Parallel Workers: 4

Heap:
 PSYoungGen      total 29696K, used 14456K [0x00000000d5580000, 0x00000000d7680000, 0x0000000100000000)
  eden space 25600K, 56% used [0x00000000d5580000,0x00000000d639e228,0x00000000d6e80000)
  from space 4096K, 0% used [0x00000000d7280000,0x00000000d7280000,0x00000000d7680000)
  to   space 4096K, 0% used [0x00000000d6e80000,0x00000000d6e80000,0x00000000d7280000)
 ParOldGen       total 68608K, used 0K [0x0000000080000000, 0x0000000084300000, 0x00000000d5580000)
  object space 68608K, 0% used [0x0000000080000000,0x0000000080000000,0x0000000084300000)
 Metaspace       used 2749K, committed 2944K, reserved 1114112K
  class space    used 279K, committed 384K, reserved 1048576K

Card table byte_map: [0x000001857f790000,0x000001857fba0000] _byte_map_base: 0x000001857f390000

Marking Bits: (ParMarkBitMap*) 0x00007ffb596f31f0
 Begin Bits: [0x00000185123e0000, 0x00000185143e0000)
 End Bits:   [0x00000185143e0000, 0x00000185163e0000)

Polling page: 0x000001857dc90000

Metaspace:

Usage:
  Non-class:      2.41 MB used.
      Class:    279.73 KB used.
       Both:      2.68 MB used.

Virtual space:
  Non-class space:       64.00 MB reserved,       2.50 MB (  4%) committed,  1 nodes.
      Class space:        1.00 GB reserved,     384.00 KB ( <1%) committed,  1 nodes.
             Both:        1.06 GB reserved,       2.88 MB ( <1%) committed. 

Chunk freelists:
   Non-Class:  11.65 MB
       Class:  15.67 MB
        Both:  27.32 MB

MaxMetaspaceSize: unlimited
CompressedClassSpaceSize: 1.00 GB
Initial GC threshold: 21.00 MB
Current GC threshold: 21.00 MB
CDS: on
 - commit_granule_bytes: 65536.
 - commit_granule_words: 8192.
 - virtual_space_node_default_size: 8388608.
 - enlarge_chunks_in_place: 1.
 - use_allocation_guard: 0.


Internal statistics:

num_allocs_failed_limit: 0.
num_arena_births: 80.
num_arena_deaths: 0.
num_vsnodes_births: 2.
num_vsnodes_deaths: 0.
num_space_committed: 46.
num_space_uncommitted: 0.
num_chunks_returned_to_freelist: 0.
num_chunks_taken_from_freelist: 102.
num_chunk_merges: 0.
num_chunk_splits: 71.
num_chunks_enlarged: 46.
num_inconsistent_stats: 0.

CodeHeap 'non-profiled nmethods': size=120000Kb used=252Kb max_used=252Kb free=119747Kb
 bounds [0x000001850ac00000, 0x000001850ae70000, 0x0000018512130000]
CodeHeap 'profiled nmethods': size=120000Kb used=1010Kb max_used=1010Kb free=118989Kb
 bounds [0x0000018503130000, 0x00000185033a0000, 0x000001850a660000]
CodeHeap 'non-nmethods': size=5760Kb used=1180Kb max_used=1190Kb free=4579Kb
 bounds [0x000001850a660000, 0x000001850a8d0000, 0x000001850ac00000]
 total_blobs=1124 nmethods=685 adapters=347
 compilation: enabled
              stopped_count=0, restarted_count=0
 full_count=0

Compilation events (20 events):
Event: 3.571 Thread 0x0000018516987870 nmethod 672 0x0000018503229690 code [0x0000018503229840, 0x0000018503229a28]
Event: 3.578 Thread 0x0000018516987870  673       3       java.util.Objects::checkFromIndexSize (8 bytes)
Event: 3.579 Thread 0x0000018516987870 nmethod 673 0x0000018503229b10 code [0x0000018503229cc0, 0x0000018503229ec8]
Event: 3.629 Thread 0x0000018516987870  675       3       sun.invoke.util.Wrapper::forPrimitiveType (122 bytes)
Event: 3.631 Thread 0x0000018516987870 nmethod 675 0x000001850322a010 code [0x000001850322a2e0, 0x000001850322adc0]
Event: 3.631 Thread 0x0000018516987870  677       3       java.lang.Integer::rotateRight (9 bytes)
Event: 3.631 Thread 0x0000018516987870 nmethod 677 0x000001850322b090 code [0x000001850322b220, 0x000001850322b320]
Event: 3.644 Thread 0x0000018516911d70  679       4       java.util.concurrent.ConcurrentHashMap::get (162 bytes)
Event: 3.653 Thread 0x0000018516911d70 nmethod 679 0x000001850ac3e610 code [0x000001850ac3e7c0, 0x000001850ac3eaf0]
Event: 3.657 Thread 0x0000018516911d70  680       4       lombok.patcher.scripts.MethodLevelPatchScript::patch (21 bytes)
Event: 3.675 Thread 0x0000018516987870  683       3       jdk.internal.org.objectweb.asm.SymbolTable::hash (15 bytes)
Event: 3.676 Thread 0x0000018516987870 nmethod 683 0x000001850322b390 code [0x000001850322b540, 0x000001850322b6c0]
Event: 3.676 Thread 0x0000018516987870  684       3       jdk.internal.org.objectweb.asm.SymbolTable$Entry::<init> (18 bytes)
Event: 3.676 Thread 0x0000018516987870 nmethod 684 0x000001850322b810 code [0x000001850322b9c0, 0x000001850322bb38]
Event: 3.680 Thread 0x0000018516987870  685       3       java.lang.invoke.MethodType::erase (8 bytes)
Event: 3.680 Thread 0x0000018516987870 nmethod 685 0x000001850322bc10 code [0x000001850322bda0, 0x000001850322bed0]
Event: 3.683 Thread 0x0000018516987870  686       3       java.lang.invoke.MemberName::getModifiers (8 bytes)
Event: 3.683 Thread 0x0000018516987870 nmethod 686 0x000001850322bf90 code [0x000001850322c120, 0x000001850322c230]
Event: 3.706 Thread 0x0000018516987870  687       3       java.lang.StringUTF16::putChar (54 bytes)
Event: 3.706 Thread 0x0000018516987870 nmethod 687 0x000001850322c290 code [0x000001850322c440, 0x000001850322c590]

GC Heap History (0 events):
No events

Dll operation events (8 events):
Event: 0.162 Loaded shared library c:\Users\ben\.vscode\extensions\redhat.java-1.43.1-win32-x64\jre\21.0.7-win32-x86_64\bin\java.dll
Event: 0.706 Loaded shared library c:\Users\ben\.vscode\extensions\redhat.java-1.43.1-win32-x64\jre\21.0.7-win32-x86_64\bin\zip.dll
Event: 0.916 Loaded shared library C:\Users\ben\.vscode\extensions\redhat.java-1.43.1-win32-x64\jre\21.0.7-win32-x86_64\bin\instrument.dll
Event: 0.933 Loaded shared library C:\Users\ben\.vscode\extensions\redhat.java-1.43.1-win32-x64\jre\21.0.7-win32-x86_64\bin\net.dll
Event: 0.957 Loaded shared library C:\Users\ben\.vscode\extensions\redhat.java-1.43.1-win32-x64\jre\21.0.7-win32-x86_64\bin\nio.dll
Event: 0.970 Loaded shared library C:\Users\ben\.vscode\extensions\redhat.java-1.43.1-win32-x64\jre\21.0.7-win32-x86_64\bin\zip.dll
Event: 1.199 Loaded shared library C:\Users\ben\.vscode\extensions\redhat.java-1.43.1-win32-x64\jre\21.0.7-win32-x86_64\bin\jimage.dll
Event: 2.321 Loaded shared library c:\Users\ben\.vscode\extensions\redhat.java-1.43.1-win32-x64\jre\21.0.7-win32-x86_64\bin\verify.dll

Deoptimization events (20 events):
Event: 3.156 Thread 0x000001857fde0760 DEOPT PACKING pc=0x000001850316a0d8 sp=0x0000005b031fc8a0
Event: 3.156 Thread 0x000001857fde0760 DEOPT UNPACKING pc=0x000001850a6b4223 sp=0x0000005b031fbd60 mode 0
Event: 3.159 Thread 0x000001857fde0760 DEOPT PACKING pc=0x000001850316a0d8 sp=0x0000005b031fc6e0
Event: 3.159 Thread 0x000001857fde0760 DEOPT UNPACKING pc=0x000001850a6b4223 sp=0x0000005b031fbba0 mode 0
Event: 3.176 Thread 0x000001857fde0760 DEOPT PACKING pc=0x000001850316a0d8 sp=0x0000005b031faf10
Event: 3.176 Thread 0x000001857fde0760 DEOPT UNPACKING pc=0x000001850a6b4223 sp=0x0000005b031fa3d0 mode 0
Event: 3.187 Thread 0x000001857fde0760 DEOPT PACKING pc=0x000001850316a0d8 sp=0x0000005b031fae50
Event: 3.187 Thread 0x000001857fde0760 DEOPT UNPACKING pc=0x000001850a6b4223 sp=0x0000005b031fa310 mode 0
Event: 3.441 Thread 0x000001857fde0760 Uncommon trap: trap_request=0xffffff45 fr.pc=0x000001850ac3377c relative=0x000000000000015c
Event: 3.441 Thread 0x000001857fde0760 Uncommon trap: reason=unstable_if action=reinterpret pc=0x000001850ac3377c method=jdk.internal.util.ArraysSupport.vectorizedHashCode(Ljava/lang/Object;IIII)I @ 2 c2
Event: 3.441 Thread 0x000001857fde0760 DEOPT PACKING pc=0x000001850ac3377c sp=0x0000005b031fcfb0
Event: 3.441 Thread 0x000001857fde0760 DEOPT UNPACKING pc=0x000001850a6b3a9c sp=0x0000005b031fcf60 mode 2
Event: 3.471 Thread 0x000001857fde0760 Uncommon trap: trap_request=0xffffff45 fr.pc=0x000001850ac208f4 relative=0x00000000000000d4
Event: 3.471 Thread 0x000001857fde0760 Uncommon trap: reason=unstable_if action=reinterpret pc=0x000001850ac208f4 method=java.net.URI.match(CJJ)Z @ 45 c2
Event: 3.471 Thread 0x000001857fde0760 DEOPT PACKING pc=0x000001850ac208f4 sp=0x0000005b031fd250
Event: 3.471 Thread 0x000001857fde0760 DEOPT UNPACKING pc=0x000001850a6b3a9c sp=0x0000005b031fd1b8 mode 2
Event: 3.704 Thread 0x000001857fde0760 Uncommon trap: trap_request=0xffffff45 fr.pc=0x000001850ac217c0 relative=0x00000000000001a0
Event: 3.705 Thread 0x000001857fde0760 Uncommon trap: reason=unstable_if action=reinterpret pc=0x000001850ac217c0 method=java.lang.StringUTF16.compress([CI[BII)I @ 20 c2
Event: 3.705 Thread 0x000001857fde0760 DEOPT PACKING pc=0x000001850ac217c0 sp=0x0000005b031fbcc0
Event: 3.705 Thread 0x000001857fde0760 DEOPT UNPACKING pc=0x000001850a6b3a9c sp=0x0000005b031fbc30 mode 2

Classes loaded (20 events):
Event: 3.687 Loading class jdk/internal/icu/util/CodePointMap done
Event: 3.687 Loading class jdk/internal/icu/util/CodePointTrie done
Event: 3.687 Loading class jdk/internal/icu/util/CodePointTrie$Fast done
Event: 3.687 Loading class jdk/internal/icu/util/CodePointTrie$Fast16 done
Event: 3.687 Loading class jdk/internal/icu/util/CodePointTrie$Type
Event: 3.688 Loading class jdk/internal/icu/util/CodePointTrie$Type done
Event: 3.688 Loading class jdk/internal/icu/util/CodePointTrie$ValueWidth
Event: 3.688 Loading class jdk/internal/icu/util/CodePointTrie$ValueWidth done
Event: 3.688 Loading class java/nio/ByteBufferAsCharBufferL
Event: 3.689 Loading class java/nio/ByteBufferAsCharBufferL done
Event: 3.690 Loading class jdk/internal/icu/util/CodePointTrie$Data16
Event: 3.690 Loading class jdk/internal/icu/util/CodePointTrie$Data
Event: 3.690 Loading class jdk/internal/icu/util/CodePointTrie$Data done
Event: 3.690 Loading class jdk/internal/icu/util/CodePointTrie$Data16 done
Event: 3.735 Loading class jdk/internal/icu/impl/Norm2AllModes$ComposeNormalizer2
Event: 3.736 Loading class jdk/internal/icu/impl/Norm2AllModes$Normalizer2WithImpl
Event: 3.736 Loading class jdk/internal/icu/impl/Norm2AllModes$Normalizer2WithImpl done
Event: 3.736 Loading class jdk/internal/icu/impl/Norm2AllModes$ComposeNormalizer2 done
Event: 3.736 Loading class jdk/internal/icu/impl/Norm2AllModes$DecomposeNormalizer2
Event: 3.736 Loading class jdk/internal/icu/impl/Norm2AllModes$DecomposeNormalizer2 done

Classes unloaded (0 events):
No events

Classes redefined (0 events):
No events

Internal exceptions (12 events):
Event: 0.672 Thread 0x000001857fde0760 Exception <a 'java/lang/NoSuchMethodError'{0x00000000d57aa038}: 'void java.lang.invoke.DirectMethodHandle$Holder.invokeStatic(java.lang.Object, java.lang.Object, java.lang.Object)'> (0x00000000d57aa038) 
thrown [s\src\hotspot\share\interpreter\linkResolver.cpp, line 773]
Event: 1.146 Thread 0x000001857fde0760 Exception <a 'java/lang/NoSuchMethodError'{0x00000000d5911d30}: 'java.lang.Object java.lang.invoke.Invokers$Holder.invokeExact_MT(java.lang.Object, java.lang.Object, java.lang.Object, java.lang.Object, java.lang.Object)'> (0x00000000d5911d30) 
thrown [s\src\hotspot\share\interpreter\linkResolver.cpp, line 773]
Event: 1.638 Thread 0x000001857fde0760 Exception <a 'java/lang/NoSuchMethodError'{0x00000000d59ca298}: 'int java.lang.invoke.DirectMethodHandle$Holder.invokeSpecial(java.lang.Object, java.lang.Object, java.lang.Object, int)'> (0x00000000d59ca298) 
thrown [s\src\hotspot\share\interpreter\linkResolver.cpp, line 773]
Event: 1.673 Thread 0x000001857fde0760 Exception <a 'java/lang/NoSuchMethodError'{0x00000000d59dcc80}: 'java.lang.Object java.lang.invoke.DirectMethodHandle$Holder.invokeStatic(java.lang.Object, java.lang.Object, java.lang.Object, java.lang.Object, int)'> (0x00000000d59dcc80) 
thrown [s\src\hotspot\share\interpreter\linkResolver.cpp, line 773]
Event: 1.729 Thread 0x000001857fde0760 Exception <a 'java/lang/NoSuchMethodError'{0x00000000d59e80c0}: 'void java.lang.invoke.DelegatingMethodHandle$Holder.reinvoke_L(java.lang.Object, java.lang.Object, java.lang.Object, int, java.lang.Object)'> (0x00000000d59e80c0) 
thrown [s\src\hotspot\share\interpreter\linkResolver.cpp, line 773]
Event: 1.806 Thread 0x000001857fde0760 Exception <a 'java/lang/NoSuchMethodError'{0x00000000d59f8a10}: 'int java.lang.invoke.DirectMethodHandle$Holder.invokeSpecial(java.lang.Object, java.lang.Object, java.lang.Object)'> (0x00000000d59f8a10) 
thrown [s\src\hotspot\share\interpreter\linkResolver.cpp, line 773]
Event: 1.896 Thread 0x000001857fde0760 Exception <a 'java/lang/NoSuchMethodError'{0x00000000d5a046d0}: 'java.lang.Object java.lang.invoke.DirectMethodHandle$Holder.invokeStatic(java.lang.Object, java.lang.Object, int)'> (0x00000000d5a046d0) 
thrown [s\src\hotspot\share\interpreter\linkResolver.cpp, line 773]
Event: 1.906 Thread 0x000001857fde0760 Exception <a 'java/lang/NoSuchMethodError'{0x00000000d5a09020}: 'void java.lang.invoke.DirectMethodHandle$Holder.invokeStatic(java.lang.Object, java.lang.Object, int, java.lang.Object)'> (0x00000000d5a09020) 
thrown [s\src\hotspot\share\interpreter\linkResolver.cpp, line 773]
Event: 1.908 Thread 0x000001857fde0760 Exception <a 'java/lang/NoSuchMethodError'{0x00000000d5a0cbb0}: 'void java.lang.invoke.DirectMethodHandle$Holder.invokeSpecial(java.lang.Object, java.lang.Object, java.lang.Object, int, java.lang.Object)'> (0x00000000d5a0cbb0) 
thrown [s\src\hotspot\share\interpreter\linkResolver.cpp, line 773]
Event: 1.911 Thread 0x000001857fde0760 Exception <a 'java/lang/NoSuchMethodError'{0x00000000d5a10020}: 'void java.lang.invoke.DelegatingMethodHandle$Holder.delegate(java.lang.Object, java.lang.Object, int, java.lang.Object)'> (0x00000000d5a10020) 
thrown [s\src\hotspot\share\interpreter\linkResolver.cpp, line 773]
Event: 2.692 Thread 0x000001857fde0760 Exception <a 'java/lang/NoSuchMethodError'{0x00000000d5bcfc80}: 'void java.lang.invoke.DelegatingMethodHandle$Holder.reinvoke_L(java.lang.Object, java.lang.Object, java.lang.Object, int)'> (0x00000000d5bcfc80) 
thrown [s\src\hotspot\share\interpreter\linkResolver.cpp, line 773]
Event: 3.409 Thread 0x000001857fde0760 Exception <a 'java/lang/NoSuchMethodError'{0x00000000d605b2a8}: 'void java.lang.invoke.DirectMethodHandle$Holder.invokeVirtual(java.lang.Object, java.lang.Object)'> (0x00000000d605b2a8) 
thrown [s\src\hotspot\share\interpreter\linkResolver.cpp, line 773]

ZGC Phase Switch (0 events):
No events

VM Operations (10 events):
Event: 0.691 Executing VM operation: HandshakeAllThreads (Deoptimize)
Event: 0.692 Executing VM operation: HandshakeAllThreads (Deoptimize) done
Event: 1.366 Executing VM operation: HandshakeAllThreads (Deoptimize)
Event: 1.366 Executing VM operation: HandshakeAllThreads (Deoptimize) done
Event: 1.366 Executing VM operation: Cleanup
Event: 1.367 Executing VM operation: Cleanup done
Event: 2.376 Executing VM operation: Cleanup
Event: 2.376 Executing VM operation: Cleanup done
Event: 3.389 Executing VM operation: Cleanup
Event: 3.390 Executing VM operation: Cleanup done

Memory protections (0 events):
No events

Nmethod flushes (0 events):
No events

Events (11 events):
Event: 0.274 Thread 0x000001857fde0760 Thread added: 0x000001857fde0760
Event: 0.344 Thread 0x000001857fde0760 Thread added: 0x0000018516908690
Event: 0.345 Thread 0x000001857fde0760 Thread added: 0x0000018516909f90
Event: 0.346 Thread 0x000001857fde0760 Thread added: 0x000001851690bb10
Event: 0.347 Thread 0x000001857fde0760 Thread added: 0x000001851690e930
Event: 0.347 Thread 0x000001857fde0760 Thread added: 0x00000185169104f0
Event: 0.347 Thread 0x000001857fde0760 Thread added: 0x0000018516910f40
Event: 0.348 Thread 0x000001857fde0760 Thread added: 0x0000018516911d70
Event: 0.360 Thread 0x000001857fde0760 Thread added: 0x0000018516987870
Event: 0.580 Thread 0x000001857fde0760 Thread added: 0x00000185169de870
Event: 3.056 Thread 0x000001857fde0760 Thread added: 0x00000185589d64a0


Dynamic libraries:
0x00007ff7840d0000 - 0x00007ff7840de000 	c:\Users\ben\.vscode\extensions\redhat.java-1.43.1-win32-x64\jre\21.0.7-win32-x86_64\bin\java.exe
0x00007ffbbe490000 - 0x00007ffbbe688000 	C:\WINDOWS\SYSTEM32\ntdll.dll
0x00007ffbbcdb0000 - 0x00007ffbbce72000 	C:\WINDOWS\System32\KERNEL32.DLL
0x00007ffbbbd20000 - 0x00007ffbbc016000 	C:\WINDOWS\System32\KERNELBASE.dll
0x00007ffbbbb70000 - 0x00007ffbbbc70000 	C:\WINDOWS\System32\ucrtbase.dll
0x00007ffba0da0000 - 0x00007ffba0db8000 	c:\Users\ben\.vscode\extensions\redhat.java-1.43.1-win32-x64\jre\21.0.7-win32-x86_64\bin\jli.dll
0x00007ffbbd480000 - 0x00007ffbbd61d000 	C:\WINDOWS\System32\USER32.dll
0x00007ffbbc140000 - 0x00007ffbbc162000 	C:\WINDOWS\System32\win32u.dll
0x00007ffbbcfe0000 - 0x00007ffbbd00b000 	C:\WINDOWS\System32\GDI32.dll
0x00007ffbbc390000 - 0x00007ffbbc4a8000 	C:\WINDOWS\System32\gdi32full.dll
0x00007ffbbc0a0000 - 0x00007ffbbc13d000 	C:\WINDOWS\System32\msvcp_win.dll
0x00007ffba0cd0000 - 0x00007ffba0cee000 	c:\Users\ben\.vscode\extensions\redhat.java-1.43.1-win32-x64\jre\21.0.7-win32-x86_64\bin\VCRUNTIME140.dll
0x00007ffba2aa0000 - 0x00007ffba2d3a000 	C:\WINDOWS\WinSxS\amd64_microsoft.windows.common-controls_6595b64144ccf1df_6.0.19041.5915_none_60b4b9d171f9c7c7\COMCTL32.dll
0x00007ffbbda80000 - 0x00007ffbbdb1e000 	C:\WINDOWS\System32\msvcrt.dll
0x00007ffbbd620000 - 0x00007ffbbd64f000 	C:\WINDOWS\System32\IMM32.DLL
0x00007ffba1f70000 - 0x00007ffba1f7c000 	c:\Users\ben\.vscode\extensions\redhat.java-1.43.1-win32-x64\jre\21.0.7-win32-x86_64\bin\vcruntime140_1.dll
0x00007ffb8e740000 - 0x00007ffb8e7cd000 	c:\Users\ben\.vscode\extensions\redhat.java-1.43.1-win32-x64\jre\21.0.7-win32-x86_64\bin\msvcp140.dll
0x00007ffb58a40000 - 0x00007ffb597d0000 	c:\Users\ben\.vscode\extensions\redhat.java-1.43.1-win32-x64\jre\21.0.7-win32-x86_64\bin\server\jvm.dll
0x00007ffbbd9a0000 - 0x00007ffbbda51000 	C:\WINDOWS\System32\ADVAPI32.dll
0x00007ffbbc690000 - 0x00007ffbbc72f000 	C:\WINDOWS\System32\sechost.dll
0x00007ffbbc730000 - 0x00007ffbbc853000 	C:\WINDOWS\System32\RPCRT4.dll
0x00007ffbbc360000 - 0x00007ffbbc387000 	C:\WINDOWS\System32\bcrypt.dll
0x00007ffbbd920000 - 0x00007ffbbd98b000 	C:\WINDOWS\System32\WS2_32.dll
0x00007ffbbb0b0000 - 0x00007ffbbb0fb000 	C:\WINDOWS\SYSTEM32\POWRPROF.dll
0x00007ffba0c30000 - 0x00007ffba0c57000 	C:\WINDOWS\SYSTEM32\WINMM.dll
0x00007ffbb28b0000 - 0x00007ffbb28ba000 	C:\WINDOWS\SYSTEM32\VERSION.dll
0x00007ffbbaf20000 - 0x00007ffbbaf32000 	C:\WINDOWS\SYSTEM32\UMPDC.dll
0x00007ffbba370000 - 0x00007ffbba382000 	C:\WINDOWS\SYSTEM32\kernel.appcore.dll
0x00007ffba1b10000 - 0x00007ffba1b1a000 	c:\Users\ben\.vscode\extensions\redhat.java-1.43.1-win32-x64\jre\21.0.7-win32-x86_64\bin\jimage.dll
0x00007ffbba040000 - 0x00007ffbba241000 	C:\WINDOWS\SYSTEM32\DBGHELP.DLL
0x00007ffb97f60000 - 0x00007ffb97f94000 	C:\WINDOWS\SYSTEM32\dbgcore.DLL
0x00007ffbbc2d0000 - 0x00007ffbbc352000 	C:\WINDOWS\System32\bcryptPrimitives.dll
0x00007ffba2dd0000 - 0x00007ffba2ddf000 	c:\Users\ben\.vscode\extensions\redhat.java-1.43.1-win32-x64\jre\21.0.7-win32-x86_64\bin\instrument.dll
0x00007ffba0530000 - 0x00007ffba054f000 	c:\Users\ben\.vscode\extensions\redhat.java-1.43.1-win32-x64\jre\21.0.7-win32-x86_64\bin\java.dll
0x00007ffbbdc20000 - 0x00007ffbbe38e000 	C:\WINDOWS\System32\SHELL32.dll
0x00007ffbb97c0000 - 0x00007ffbb9f64000 	C:\WINDOWS\SYSTEM32\windows.storage.dll
0x00007ffbbd010000 - 0x00007ffbbd363000 	C:\WINDOWS\System32\combase.dll
0x00007ffbbb550000 - 0x00007ffbbb57b000 	C:\WINDOWS\SYSTEM32\Wldp.dll
0x00007ffbbc860000 - 0x00007ffbbc92d000 	C:\WINDOWS\System32\OLEAUT32.dll
0x00007ffbbd3d0000 - 0x00007ffbbd47d000 	C:\WINDOWS\System32\SHCORE.dll
0x00007ffbbe390000 - 0x00007ffbbe3eb000 	C:\WINDOWS\System32\shlwapi.dll
0x00007ffbbba50000 - 0x00007ffbbba74000 	C:\WINDOWS\SYSTEM32\profapi.dll
0x00007ffb9fd00000 - 0x00007ffb9fd18000 	c:\Users\ben\.vscode\extensions\redhat.java-1.43.1-win32-x64\jre\21.0.7-win32-x86_64\bin\zip.dll
0x00007ffba1380000 - 0x00007ffba1390000 	C:\Users\ben\.vscode\extensions\redhat.java-1.43.1-win32-x64\jre\21.0.7-win32-x86_64\bin\net.dll
0x00007ffbaf170000 - 0x00007ffbaf27a000 	C:\WINDOWS\SYSTEM32\WINHTTP.dll
0x00007ffbbb2b0000 - 0x00007ffbbb31a000 	C:\WINDOWS\system32\mswsock.dll
0x00007ffb9fca0000 - 0x00007ffb9fcb6000 	C:\Users\ben\.vscode\extensions\redhat.java-1.43.1-win32-x64\jre\21.0.7-win32-x86_64\bin\nio.dll
0x00007ffba12b0000 - 0x00007ffba12c0000 	c:\Users\ben\.vscode\extensions\redhat.java-1.43.1-win32-x64\jre\21.0.7-win32-x86_64\bin\verify.dll

dbghelp: loaded successfully - version: 4.0.5 - missing functions: none
symbol engine: initialized successfully - sym options: 0x614 - pdb path: .;c:\Users\ben\.vscode\extensions\redhat.java-1.43.1-win32-x64\jre\21.0.7-win32-x86_64\bin;C:\WINDOWS\SYSTEM32;C:\WINDOWS\WinSxS\amd64_microsoft.windows.common-controls_6595b64144ccf1df_6.0.19041.5915_none_60b4b9d171f9c7c7;c:\Users\ben\.vscode\extensions\redhat.java-1.43.1-win32-x64\jre\21.0.7-win32-x86_64\bin\server

VM Arguments:
jvm_args: --add-modules=ALL-SYSTEM --add-opens=java.base/java.util=ALL-UNNAMED --add-opens=java.base/java.lang=ALL-UNNAMED --add-opens=java.base/sun.nio.fs=ALL-UNNAMED -Declipse.application=org.eclipse.jdt.ls.core.id1 -Dosgi.bundles.defaultStartLevel=4 -Declipse.product=org.eclipse.jdt.ls.core.product -Djava.import.generatesMetadataFilesAtProjectRoot=false -DDetectVMInstallationsJob.disabled=true -Dfile.encoding=utf8 -XX:+UseParallelGC -XX:GCTimeRatio=4 -XX:AdaptiveSizePolicyWeight=90 -Dsun.zip.disableMemoryMapping=true -Xmx2G -Xms100m -Xlog:disable -javaagent:c:\Users\ben\.vscode\extensions\redhat.java-1.43.1-win32-x64\lombok\lombok-1.18.39-4050.jar 
java_command: c:\Users\ben\.vscode\extensions\redhat.java-1.43.1-win32-x64\server\plugins\org.eclipse.equinox.launcher_1.7.0.v20250519-0528.jar -configuration c:\Users\ben\AppData\Roaming\Code\User\globalStorage\redhat.java\1.43.1\config_ss_win -data c:\Users\ben\AppData\Roaming\Code\User\workspaceStorage\1c7ef018efc05dcff32a397a174f32e6\redhat.java\ss_ws --pipe=\\.\pipe\lsp-d9c80c5fdc39351351cfe5aefd2876fd-sock
java_class_path (initial): c:\Users\ben\.vscode\extensions\redhat.java-1.43.1-win32-x64\server\plugins\org.eclipse.equinox.launcher_1.7.0.v20250519-0528.jar
Launcher Type: SUN_STANDARD

[Global flags]
    uintx AdaptiveSizePolicyWeight                 = 90                                        {product} {command line}
     intx CICompilerCount                          = 3                                         {product} {ergonomic}
    uintx GCTimeRatio                              = 4                                         {product} {command line}
   size_t InitialHeapSize                          = 104857600                                 {product} {command line}
   size_t MaxHeapSize                              = 2147483648                                {product} {command line}
   size_t MaxNewSize                               = 715653120                                 {product} {ergonomic}
   size_t MinHeapDeltaBytes                        = 524288                                    {product} {ergonomic}
   size_t MinHeapSize                              = 104857600                                 {product} {command line}
   size_t NewSize                                  = 34603008                                  {product} {ergonomic}
    uintx NonNMethodCodeHeapSize                   = 5832780                                {pd product} {ergonomic}
    uintx NonProfiledCodeHeapSize                  = 122912730                              {pd product} {ergonomic}
   size_t OldSize                                  = 70254592                                  {product} {ergonomic}
    uintx ProfiledCodeHeapSize                     = 122912730                              {pd product} {ergonomic}
    uintx ReservedCodeCacheSize                    = 251658240                              {pd product} {ergonomic}
     bool SegmentedCodeCache                       = true                                      {product} {ergonomic}
   size_t SoftMaxHeapSize                          = 2147483648                             {manageable} {ergonomic}
     bool UseCompressedOops                        = true                           {product lp64_product} {ergonomic}
     bool UseLargePagesIndividualAllocation        = false                                  {pd product} {ergonomic}
     bool UseParallelGC                            = true                                      {product} {command line}

Logging:
Log output configuration:
 #0: stdout all=off uptime,level,tags foldmultilines=false
 #1: stderr all=off uptime,level,tags foldmultilines=false

Environment Variables:
PATH=C:\Program Files\Common Files\Oracle\Java\javapath;C:\WINDOWS\system32;C:\WINDOWS;C:\WINDOWS\System32\Wbem;C:\WINDOWS\System32\WindowsPowerShell\v1.0\;C:\Program Files\Intel\TXE Components\DAL\;C:\Program Files (x86)\Intel\TXE Components\DAL\;C:\MinGW\bin;C:\WINDOWS\System32\OpenSSH\;C:\Users\ben\.config\herd\bin\nvm;C:\Program Files\nodejs;C:\xampp\php;C:\composer;C:\Program Files\nodejs\;C:\Program Files\Git\cmd;C:\Users\ben\AppData\Local\Programs\Eclipse Adoptium\jdk-21.0.7.6-hotspot\bin;C:\Users\ben\AppData\Local\Microsoft\WindowsApps;C:\Users\ben\AppData\Local\Programs\Microsoft VS Code\bin;C:\Users\ben\AppData\Local\GitHubDesktop\bin;C:\xampp\php;C:\Users\ben\AppData\Local\ComposerSetup\bin;C:\Users\ben\AppData\Roaming\Composer\vendor\bin;C:\Users\ben\AppData\Local\Programs\Git\cmd;C:\Users\ben\AppData\Roaming\npm;C:\Users\ben\AppData\Local\Programs\cursor\resources\app\bin
USERNAME=ben
OS=Windows_NT
PROCESSOR_IDENTIFIER=Intel64 Family 6 Model 92 Stepping 9, GenuineIntel
TMP=C:\Users\ben\AppData\Local\Temp
TEMP=C:\Users\ben\AppData\Local\Temp




Periodic native trim disabled

---------------  S Y S T E M  ---------------

OS:
 Windows 10 , 64 bit Build 19041 (10.0.19041.5915)
OS uptime: 8 days 13:30 hours

CPU: total 4 (initial active 4) (4 cores per cpu, 1 threads per core) family 6 model 92 stepping 9 microcode 0x46, cx8, cmov, fxsr, mmx, 3dnowpref, sse, sse2, sse3, ssse3, sse4.1, sse4.2, popcnt, tsc, tscinvbit, aes, erms, clmul, sha, clflush, clflushopt, rdtscp
Processor Information for the first 4 processors :
  Max Mhz: 1101, Current Mhz: 1101, Mhz Limit: 1101

Memory: 4k page, system-wide physical 3920M (267M free)
TotalPageFile size 15696M (AvailPageFile size 2M)
current process WorkingSet (physical memory assigned to process): 55M, peak: 55M
current process commit charge ("private bytes"): 216M, peak: 216M

vm_info: OpenJDK 64-Bit Server VM (21.0.7+6-LTS) for windows-amd64 JRE (21.0.7+6-LTS), built on 2025-04-15T00:00:00Z by "admin" with MS VC++ 17.7 (VS2022)

END.
