#
# There is insufficient memory for the Java Runtime Environment to continue.
# Native memory allocation (malloc) failed to allocate 1048576 bytes. Error detail: AllocateHeap
# Possible reasons:
#   The system is out of physical RAM or swap space
#   This process is running with CompressedOops enabled, and the Java Heap may be blocking the growth of the native heap
# Possible solutions:
#   Reduce memory load on the system
#   Increase physical memory or swap space
#   Check if swap backing store is full
#   Decrease Java heap size (-Xmx/-Xms)
#   Decrease number of Java threads
#   Decrease Java thread stack sizes (-Xss)
#   Set larger code cache with -XX:ReservedCodeCacheSize=
#   JVM is running with Unscaled Compressed Oops mode in which the Java heap is
#     placed in the first 4GB address space. The Java Heap base address is the
#     maximum limit for the native heap growth. Please use -XX:HeapBaseMinAddress
#     to set the Java Heap base and to place the Java Heap above 4GB virtual address.
# This output file may be truncated or incomplete.
#
#  Out of Memory Error (allocation.cpp:44), pid=11980, tid=11768
#
# JRE version:  (21.0.7+6) (build )
# Java VM: OpenJDK 64-Bit Server VM (21.0.7+6-LTS, mixed mode, sharing, tiered, compressed oops, compressed class ptrs, parallel gc, windows-amd64)
# No core dump will be written. Minidumps are not enabled by default on client versions of Windows
#

---------------  S U M M A R Y ------------

Command Line: --add-modules=ALL-SYSTEM --add-opens=java.base/java.util=ALL-UNNAMED --add-opens=java.base/java.lang=ALL-UNNAMED --add-opens=java.base/sun.nio.fs=ALL-UNNAMED -Declipse.application=org.eclipse.jdt.ls.core.id1 -Dosgi.bundles.defaultStartLevel=4 -Declipse.product=org.eclipse.jdt.ls.core.product -Djava.import.generatesMetadataFilesAtProjectRoot=false -DDetectVMInstallationsJob.disabled=true -Dfile.encoding=utf8 -XX:+UseParallelGC -XX:GCTimeRatio=4 -XX:AdaptiveSizePolicyWeight=90 -Dsun.zip.disableMemoryMapping=true -Xmx2G -Xms100m -Xlog:disable -javaagent:c:\Users\ben\.vscode\extensions\redhat.java-1.43.1-win32-x64\lombok\lombok-1.18.39-4050.jar -XX:+HeapDumpOnOutOfMemoryError -XX:HeapDumpPath=c:\Users\ben\AppData\Roaming\Code\User\workspaceStorage\1c7ef018efc05dcff32a397a174f32e6\redhat.java -Daether.dependencyCollector.impl=bf c:\Users\ben\.vscode\extensions\redhat.java-1.43.1-win32-x64\server\plugins\org.eclipse.equinox.launcher_1.7.0.v20250519-0528.jar -configuration c:\Users\ben\AppData\Roaming\Code\User\globalStorage\redhat.java\1.43.1\config_win -data c:\Users\ben\AppData\Roaming\Code\User\workspaceStorage\1c7ef018efc05dcff32a397a174f32e6\redhat.java\jdt_ws --pipe=\\.\pipe\lsp-9486dbea50cfc8a81b8017acf56aa6b5-sock

Host: Intel(R) Pentium(R) CPU N4200 @ 1.10GHz, 4 cores, 3G,  Windows 10 , 64 bit Build 19041 (10.0.19041.5915)
Time: Tue Jul  8 11:34:18 2025 E. Africa Standard Time elapsed time: 0.270001 seconds (0d 0h 0m 0s)

---------------  T H R E A D  ---------------

Current thread (0x000001495e4c48d0):  JavaThread "Unknown thread" [_thread_in_vm, id=11768, stack(0x00000003a2b00000,0x00000003a2c00000) (1024K)]

Stack: [0x00000003a2b00000,0x00000003a2c00000]
Native frames: (J=compiled Java code, j=interpreted, Vv=VM code, C=native code)
V  [jvm.dll+0x6ce119]
V  [jvm.dll+0x8a84a1]
V  [jvm.dll+0x8aa9ce]
V  [jvm.dll+0x8ab0b3]
V  [jvm.dll+0x27f8a6]
V  [jvm.dll+0xbfba7]
V  [jvm.dll+0x702092]
V  [jvm.dll+0x702dcc]
V  [jvm.dll+0x6dcc63]
V  [jvm.dll+0x871dbc]
V  [jvm.dll+0x3bc47c]
V  [jvm.dll+0x85a848]
V  [jvm.dll+0x45080e]
V  [jvm.dll+0x452451]
C  [jli.dll+0x5278]
C  [ucrtbase.dll+0x21bb2]
C  [KERNEL32.DLL+0x17374]
C  [ntdll.dll+0x4cc91]


---------------  P R O C E S S  ---------------

Threads class SMR info:
_java_thread_list=0x00000149607d9890, length=1, elements={
0x000001495e4c48d0
}

Java Threads: ( => current thread )
=>0x000001495e4c48d0 JavaThread "Unknown thread"             [_thread_in_vm, id=11768, stack(0x00000003a2b00000,0x00000003a2c00000) (1024K)]
Total: 1

Other Threads:
  0x00000149607da130 WatcherThread "VM Periodic Task Thread"        [id=13596, stack(0x00000003a2d00000,0x00000003a2e00000) (1024K)]
  0x000001496078c960 WorkerThread "GC Thread#0"                     [id=19112, stack(0x00000003a2c00000,0x00000003a2d00000) (1024K)]
Total: 2

Threads with active compile tasks:
Total: 0

VM state: not at safepoint (normal execution)

VM Mutex/Monitor currently owned by a thread: None

Heap address: 0x0000000080000000, size: 2048 MB, Compressed Oops mode: 32-bit

CDS archive(s) mapped at: [0x0000014900000000-0x0000014900ba0000-0x0000014900ba0000), size 12189696, SharedBaseAddress: 0x0000014900000000, ArchiveRelocationMode: 1.
Compressed class space mapped at: 0x0000014901000000-0x0000014941000000, reserved size: 1073741824
Narrow klass base: 0x0000014900000000, Narrow klass shift: 0, Narrow klass range: 0x100000000

GC Precious Log:
 CardTable entry size: 512
 CPUs: 4 total, 4 available
 Memory: 3920M
 Large Page Support: Disabled
 NUMA Support: Disabled
 Compressed Oops: Enabled (32-bit)
 Alignments: Space 512K, Generation 512K, Heap 2M
 Heap Min Capacity: 100M
 Heap Initial Capacity: 100M
 Heap Max Capacity: 2G
 Pre-touch: Disabled
 Parallel Workers: 4

Heap:
 PSYoungGen      total 29696K, used 512K [0x00000000d5580000, 0x00000000d7680000, 0x0000000100000000)
  eden space 25600K, 2% used [0x00000000d5580000,0x00000000d5600020,0x00000000d6e80000)
  from space 4096K, 0% used [0x00000000d7280000,0x00000000d7280000,0x00000000d7680000)
  to   space 4096K, 0% used [0x00000000d6e80000,0x00000000d6e80000,0x00000000d7280000)
 ParOldGen       total 68608K, used 0K [0x0000000080000000, 0x0000000084300000, 0x00000000d5580000)
  object space 68608K, 0% used [0x0000000080000000,0x0000000080000000,0x0000000084300000)
 Metaspace       used 0K, committed 0K, reserved 1048576K
  class space    used 0K, committed 0K, reserved 1048576K

Card table byte_map: [0x0000014960120000,0x0000014960530000] _byte_map_base: 0x000001495fd20000

Marking Bits: (ParMarkBitMap*) 0x00007ffb564831f0
 Begin Bits: [0x0000014972c20000, 0x0000014974c20000)
 End Bits:   [0x0000014974c20000, 0x0000014976c20000)

Polling page: 0x000001495e760000

Metaspace:

Usage:
  Non-class:      0 bytes used.
      Class:      0 bytes used.
       Both:      0 bytes used.

Virtual space:
  Non-class space:        0 bytes reserved,       0 bytes (  ?%) committed,  0 nodes.
      Class space:        1.00 GB reserved,       0 bytes (  0%) committed,  1 nodes.
             Both:        1.00 GB reserved,       0 bytes (  0%) committed. 

Chunk freelists:
   Non-Class:  0 bytes
       Class:  16.00 MB
        Both:  16.00 MB

MaxMetaspaceSize: unlimited
CompressedClassSpaceSize: 1.00 GB
Initial GC threshold: 21.00 MB
Current GC threshold: 17179869184.00 GB
CDS: on
 - commit_granule_bytes: 65536.
 - commit_granule_words: 8192.
 - virtual_space_node_default_size: 8388608.
 - enlarge_chunks_in_place: 1.
 - use_allocation_guard: 0.


Internal statistics:

num_allocs_failed_limit: 0.
num_arena_births: 0.
num_arena_deaths: 0.
num_vsnodes_births: 1.
num_vsnodes_deaths: 0.
num_space_committed: 0.
num_space_uncommitted: 0.
num_chunks_returned_to_freelist: 0.
num_chunks_taken_from_freelist: 1.
num_chunk_merges: 0.
num_chunk_splits: 1.
num_chunks_enlarged: 0.
num_inconsistent_stats: 0.

CodeHeap 'non-profiled nmethods': size=120000Kb used=0Kb max_used=0Kb free=120000Kb
 bounds [0x000001496b440000, 0x000001496b6b0000, 0x0000014972970000]
CodeHeap 'profiled nmethods': size=120000Kb used=0Kb max_used=0Kb free=120000Kb
 bounds [0x0000014963970000, 0x0000014963be0000, 0x000001496aea0000]
CodeHeap 'non-nmethods': size=5760Kb used=192Kb max_used=341Kb free=5567Kb
 bounds [0x000001496aea0000, 0x000001496b110000, 0x000001496b440000]
 total_blobs=69 nmethods=0 adapters=48
 compilation: enabled
              stopped_count=0, restarted_count=0
 full_count=0

Compilation events (0 events):
No events

GC Heap History (0 events):
No events

Dll operation events (1 events):
Event: 0.031 Loaded shared library c:\Users\ben\.vscode\extensions\redhat.java-1.43.1-win32-x64\jre\21.0.7-win32-x86_64\bin\java.dll

Deoptimization events (0 events):
No events

Classes loaded (0 events):
No events

Classes unloaded (0 events):
No events

Classes redefined (0 events):
No events

Internal exceptions (0 events):
No events

ZGC Phase Switch (0 events):
No events

VM Operations (0 events):
No events

Memory protections (0 events):
No events

Nmethod flushes (0 events):
No events

Events (1 events):
Event: 0.226 Thread 0x000001495e4c48d0 Thread added: 0x000001495e4c48d0


Dynamic libraries:
0x00007ff70ff80000 - 0x00007ff70ff8e000 	c:\Users\ben\.vscode\extensions\redhat.java-1.43.1-win32-x64\jre\21.0.7-win32-x86_64\bin\java.exe
0x00007ffbbe490000 - 0x00007ffbbe688000 	C:\WINDOWS\SYSTEM32\ntdll.dll
0x00007ffbbcdb0000 - 0x00007ffbbce72000 	C:\WINDOWS\System32\KERNEL32.DLL
0x00007ffbbbd20000 - 0x00007ffbbc016000 	C:\WINDOWS\System32\KERNELBASE.dll
0x00007ffbbbb70000 - 0x00007ffbbbc70000 	C:\WINDOWS\System32\ucrtbase.dll
0x00007ffba4880000 - 0x00007ffba4898000 	c:\Users\ben\.vscode\extensions\redhat.java-1.43.1-win32-x64\jre\21.0.7-win32-x86_64\bin\jli.dll
0x00007ffbbd480000 - 0x00007ffbbd61d000 	C:\WINDOWS\System32\USER32.dll
0x00007ffbbc140000 - 0x00007ffbbc162000 	C:\WINDOWS\System32\win32u.dll
0x00007ffbbcfe0000 - 0x00007ffbbd00b000 	C:\WINDOWS\System32\GDI32.dll
0x00007ffba12c0000 - 0x00007ffba12de000 	c:\Users\ben\.vscode\extensions\redhat.java-1.43.1-win32-x64\jre\21.0.7-win32-x86_64\bin\VCRUNTIME140.dll
0x00007ffbbc390000 - 0x00007ffbbc4a8000 	C:\WINDOWS\System32\gdi32full.dll
0x00007ffbbc0a0000 - 0x00007ffbbc13d000 	C:\WINDOWS\System32\msvcp_win.dll
0x00007ffba2aa0000 - 0x00007ffba2d3a000 	C:\WINDOWS\WinSxS\amd64_microsoft.windows.common-controls_6595b64144ccf1df_6.0.19041.5915_none_60b4b9d171f9c7c7\COMCTL32.dll
0x00007ffbbda80000 - 0x00007ffbbdb1e000 	C:\WINDOWS\System32\msvcrt.dll
0x00007ffbbd620000 - 0x00007ffbbd64f000 	C:\WINDOWS\System32\IMM32.DLL
0x00007ffbaebd0000 - 0x00007ffbaebdc000 	c:\Users\ben\.vscode\extensions\redhat.java-1.43.1-win32-x64\jre\21.0.7-win32-x86_64\bin\vcruntime140_1.dll
0x00007ffb84290000 - 0x00007ffb8431d000 	c:\Users\ben\.vscode\extensions\redhat.java-1.43.1-win32-x64\jre\21.0.7-win32-x86_64\bin\msvcp140.dll
0x00007ffb557d0000 - 0x00007ffb56560000 	c:\Users\ben\.vscode\extensions\redhat.java-1.43.1-win32-x64\jre\21.0.7-win32-x86_64\bin\server\jvm.dll
0x00007ffbbd9a0000 - 0x00007ffbbda51000 	C:\WINDOWS\System32\ADVAPI32.dll
0x00007ffbbc690000 - 0x00007ffbbc72f000 	C:\WINDOWS\System32\sechost.dll
0x00007ffbbc730000 - 0x00007ffbbc853000 	C:\WINDOWS\System32\RPCRT4.dll
0x00007ffbbc360000 - 0x00007ffbbc387000 	C:\WINDOWS\System32\bcrypt.dll
0x00007ffbbd920000 - 0x00007ffbbd98b000 	C:\WINDOWS\System32\WS2_32.dll
0x00007ffbbb0b0000 - 0x00007ffbbb0fb000 	C:\WINDOWS\SYSTEM32\POWRPROF.dll
0x00007ffba0c30000 - 0x00007ffba0c57000 	C:\WINDOWS\SYSTEM32\WINMM.dll
0x00007ffbb28b0000 - 0x00007ffbb28ba000 	C:\WINDOWS\SYSTEM32\VERSION.dll
0x00007ffbbaf20000 - 0x00007ffbbaf32000 	C:\WINDOWS\SYSTEM32\UMPDC.dll
0x00007ffbba370000 - 0x00007ffbba382000 	C:\WINDOWS\SYSTEM32\kernel.appcore.dll
0x00007ffbaea10000 - 0x00007ffbaea1a000 	c:\Users\ben\.vscode\extensions\redhat.java-1.43.1-win32-x64\jre\21.0.7-win32-x86_64\bin\jimage.dll
0x00007ffbba040000 - 0x00007ffbba241000 	C:\WINDOWS\SYSTEM32\DBGHELP.DLL
0x00007ffb97f60000 - 0x00007ffb97f94000 	C:\WINDOWS\SYSTEM32\dbgcore.DLL
0x00007ffbbc2d0000 - 0x00007ffbbc352000 	C:\WINDOWS\System32\bcryptPrimitives.dll
0x00007ffbae250000 - 0x00007ffbae25f000 	c:\Users\ben\.vscode\extensions\redhat.java-1.43.1-win32-x64\jre\21.0.7-win32-x86_64\bin\instrument.dll
0x00007ffba0cd0000 - 0x00007ffba0cef000 	c:\Users\ben\.vscode\extensions\redhat.java-1.43.1-win32-x64\jre\21.0.7-win32-x86_64\bin\java.dll

dbghelp: loaded successfully - version: 4.0.5 - missing functions: none
symbol engine: initialized successfully - sym options: 0x614 - pdb path: .;c:\Users\ben\.vscode\extensions\redhat.java-1.43.1-win32-x64\jre\21.0.7-win32-x86_64\bin;C:\WINDOWS\SYSTEM32;C:\WINDOWS\WinSxS\amd64_microsoft.windows.common-controls_6595b64144ccf1df_6.0.19041.5915_none_60b4b9d171f9c7c7;c:\Users\ben\.vscode\extensions\redhat.java-1.43.1-win32-x64\jre\21.0.7-win32-x86_64\bin\server

VM Arguments:
jvm_args: --add-modules=ALL-SYSTEM --add-opens=java.base/java.util=ALL-UNNAMED --add-opens=java.base/java.lang=ALL-UNNAMED --add-opens=java.base/sun.nio.fs=ALL-UNNAMED -Declipse.application=org.eclipse.jdt.ls.core.id1 -Dosgi.bundles.defaultStartLevel=4 -Declipse.product=org.eclipse.jdt.ls.core.product -Djava.import.generatesMetadataFilesAtProjectRoot=false -DDetectVMInstallationsJob.disabled=true -Dfile.encoding=utf8 -XX:+UseParallelGC -XX:GCTimeRatio=4 -XX:AdaptiveSizePolicyWeight=90 -Dsun.zip.disableMemoryMapping=true -Xmx2G -Xms100m -Xlog:disable -javaagent:c:\Users\ben\.vscode\extensions\redhat.java-1.43.1-win32-x64\lombok\lombok-1.18.39-4050.jar -XX:+HeapDumpOnOutOfMemoryError -XX:HeapDumpPath=c:\Users\ben\AppData\Roaming\Code\User\workspaceStorage\1c7ef018efc05dcff32a397a174f32e6\redhat.java -Daether.dependencyCollector.impl=bf 
java_command: c:\Users\ben\.vscode\extensions\redhat.java-1.43.1-win32-x64\server\plugins\org.eclipse.equinox.launcher_1.7.0.v20250519-0528.jar -configuration c:\Users\ben\AppData\Roaming\Code\User\globalStorage\redhat.java\1.43.1\config_win -data c:\Users\ben\AppData\Roaming\Code\User\workspaceStorage\1c7ef018efc05dcff32a397a174f32e6\redhat.java\jdt_ws --pipe=\\.\pipe\lsp-9486dbea50cfc8a81b8017acf56aa6b5-sock
java_class_path (initial): c:\Users\ben\.vscode\extensions\redhat.java-1.43.1-win32-x64\server\plugins\org.eclipse.equinox.launcher_1.7.0.v20250519-0528.jar
Launcher Type: SUN_STANDARD

[Global flags]
    uintx AdaptiveSizePolicyWeight                 = 90                                        {product} {command line}
     intx CICompilerCount                          = 3                                         {product} {ergonomic}
    uintx GCTimeRatio                              = 4                                         {product} {command line}
     bool HeapDumpOnOutOfMemoryError               = true                                   {manageable} {command line}
    ccstr HeapDumpPath                             = c:\Users\ben\AppData\Roaming\Code\User\workspaceStorage\1c7ef018efc05dcff32a397a174f32e6\redhat.java         {manageable} {command line}
   size_t InitialHeapSize                          = 104857600                                 {product} {command line}
   size_t MaxHeapSize                              = 2147483648                                {product} {command line}
   size_t MaxNewSize                               = 715653120                                 {product} {ergonomic}
   size_t MinHeapDeltaBytes                        = 524288                                    {product} {ergonomic}
   size_t MinHeapSize                              = 104857600                                 {product} {command line}
   size_t NewSize                                  = 34603008                                  {product} {ergonomic}
    uintx NonNMethodCodeHeapSize                   = 5832780                                {pd product} {ergonomic}
    uintx NonProfiledCodeHeapSize                  = 122912730                              {pd product} {ergonomic}
   size_t OldSize                                  = 70254592                                  {product} {ergonomic}
    uintx ProfiledCodeHeapSize                     = 122912730                              {pd product} {ergonomic}
    uintx ReservedCodeCacheSize                    = 251658240                              {pd product} {ergonomic}
     bool SegmentedCodeCache                       = true                                      {product} {ergonomic}
   size_t SoftMaxHeapSize                          = 2147483648                             {manageable} {ergonomic}
     bool UseCompressedOops                        = true                           {product lp64_product} {ergonomic}
     bool UseLargePagesIndividualAllocation        = false                                  {pd product} {ergonomic}
     bool UseParallelGC                            = true                                      {product} {command line}

Logging:
Log output configuration:
 #0: stdout all=off uptime,level,tags foldmultilines=false
 #1: stderr all=off uptime,level,tags foldmultilines=false

Environment Variables:
PATH=C:\Program Files\Common Files\Oracle\Java\javapath;C:\WINDOWS\system32;C:\WINDOWS;C:\WINDOWS\System32\Wbem;C:\WINDOWS\System32\WindowsPowerShell\v1.0\;C:\Program Files\Intel\TXE Components\DAL\;C:\Program Files (x86)\Intel\TXE Components\DAL\;C:\MinGW\bin;C:\WINDOWS\System32\OpenSSH\;C:\Users\ben\.config\herd\bin\nvm;C:\Program Files\nodejs;C:\xampp\php;C:\composer;C:\Program Files\nodejs\;C:\Program Files\Git\cmd;C:\Users\ben\AppData\Local\Programs\Eclipse Adoptium\jdk-21.0.7.6-hotspot\bin;C:\Users\ben\AppData\Local\Microsoft\WindowsApps;C:\Users\ben\AppData\Local\Programs\Microsoft VS Code\bin;C:\Users\ben\AppData\Local\GitHubDesktop\bin;C:\xampp\php;C:\Users\ben\AppData\Local\ComposerSetup\bin;C:\Users\ben\AppData\Roaming\Composer\vendor\bin;C:\Users\ben\AppData\Local\Programs\Git\cmd;C:\Users\ben\AppData\Roaming\npm;C:\Users\ben\AppData\Local\Programs\cursor\resources\app\bin
USERNAME=ben
OS=Windows_NT
PROCESSOR_IDENTIFIER=Intel64 Family 6 Model 92 Stepping 9, GenuineIntel
TMP=C:\Users\ben\AppData\Local\Temp
TEMP=C:\Users\ben\AppData\Local\Temp




Periodic native trim disabled

---------------  S Y S T E M  ---------------

OS:
 Windows 10 , 64 bit Build 19041 (10.0.19041.5915)
OS uptime: 7 days 15:59 hours

CPU: total 4 (initial active 4) (4 cores per cpu, 1 threads per core) family 6 model 92 stepping 9 microcode 0x46, cx8, cmov, fxsr, mmx, 3dnowpref, sse, sse2, sse3, ssse3, sse4.1, sse4.2, popcnt, tsc, tscinvbit, aes, erms, clmul, sha, clflush, clflushopt, rdtscp
Processor Information for the first 4 processors :
  Max Mhz: 1101, Current Mhz: 1101, Mhz Limit: 1101

Memory: 4k page, system-wide physical 3920M (238M free)
TotalPageFile size 15696M (AvailPageFile size 10M)
current process WorkingSet (physical memory assigned to process): 23M, peak: 23M
current process commit charge ("private bytes"): 192M, peak: 193M

vm_info: OpenJDK 64-Bit Server VM (21.0.7+6-LTS) for windows-amd64 JRE (21.0.7+6-LTS), built on 2025-04-15T00:00:00Z by "admin" with MS VC++ 17.7 (VS2022)

END.
